[debug] [2021-06-13T09:31:46.049Z] ----------------------------------------------------------------------
[debug] [2021-06-13T09:31:46.051Z] Command:       /usr/bin/node /usr/local/bin/firebase emulators:start
[debug] [2021-06-13T09:31:46.052Z] CLI Version:   9.12.1
[debug] [2021-06-13T09:31:46.052Z] Platform:      linux
[debug] [2021-06-13T09:31:46.052Z] Node Version:  v10.19.0
[debug] [2021-06-13T09:31:46.053Z] Time:          Sun Jun 13 2021 12:31:46 GMT+0300 (East Africa Time)
[debug] [2021-06-13T09:31:46.053Z] ----------------------------------------------------------------------
[debug] 
[debug] [2021-06-13T09:31:46.055Z] >>> [apiv2][query] GET https://firebase-public.firebaseio.com/cli.json [none]
[debug] [2021-06-13T09:31:46.081Z] > command requires scopes: ["email","openid","https://www.googleapis.com/auth/cloudplatformprojects.readonly","https://www.googleapis.com/auth/firebase","https://www.googleapis.com/auth/cloud-platform"]
[debug] [2021-06-13T09:31:46.081Z] > authorizing via signed-in user (jansabbas1@gmail.com)
[info] i  emulators: Starting emulators: functions, hosting {"metadata":{"emulator":{"name":"hub"},"message":"Starting emulators: functions, hosting"}}
[debug] [2021-06-13T09:31:46.116Z] [hub] writing locator at /tmp/hub-art-ug.json
[warn] ⚠  functions: The following emulators are not running, calls to these services from the Functions emulator will affect production: auth, firestore, database, pubsub, storage {"metadata":{"emulator":{"name":"functions"},"message":"The following emulators are not running, calls to these services from the Functions emulator will affect production: \u001b[1mauth, firestore, database, pubsub, storage\u001b[22m"}}
[info] ✔  functions: Using node@10 from host. {"metadata":{"emulator":{"name":"functions"},"message":"Using node@10 from host."}}
[debug] [2021-06-13T09:31:46.972Z] defaultcredentials: writing to file /home/janz/.config/firebase/jansabbas1_gmail_com_application_default_credentials.json
[debug] [2021-06-13T09:31:47.005Z] Setting GAC to /home/janz/.config/firebase/jansabbas1_gmail_com_application_default_credentials.json {"metadata":{"emulator":{"name":"functions"},"message":"Setting GAC to /home/janz/.config/firebase/jansabbas1_gmail_com_application_default_credentials.json"}}
[debug] [2021-06-13T09:31:47.008Z] > refreshing access token with scopes: []
[debug] [2021-06-13T09:31:47.009Z] >>> HTTP REQUEST POST https://www.googleapis.com/oauth2/v3/token  
 <request body omitted>
[debug] [2021-06-13T09:31:47.516Z] <<< HTTP RESPONSE 200 {"expires":"Mon, 01 Jan 1990 00:00:00 GMT","date":"Sun, 13 Jun 2021 09:31:47 GMT","pragma":"no-cache","cache-control":"no-cache, no-store, max-age=0, must-revalidate","content-type":"application/json; charset=utf-8","vary":"X-Origin, Referer, Origin,Accept-Encoding","server":"scaffolding on HTTPServer2","x-xss-protection":"0","x-frame-options":"SAMEORIGIN","x-content-type-options":"nosniff","alt-svc":"h3=\":443\"; ma=2592000,h3-29=\":443\"; ma=2592000,h3-T051=\":443\"; ma=2592000,h3-Q050=\":443\"; ma=2592000,h3-Q046=\":443\"; ma=2592000,h3-Q043=\":443\"; ma=2592000,quic=\":443\"; ma=2592000; v=\"46,43\"","accept-ranges":"none","transfer-encoding":"chunked"}
[debug] [2021-06-13T09:31:47.647Z] >>> [apiv2][query] GET https://firebase.googleapis.com/v1beta1/projects/art-ug/adminSdkConfig [none]
[debug] [2021-06-13T09:31:47.660Z] <<< [apiv2][status] GET https://firebase-public.firebaseio.com/cli.json 200
[debug] [2021-06-13T09:31:47.660Z] <<< [apiv2][body] GET https://firebase-public.firebaseio.com/cli.json {"cloudBuildErrorAfter":1594252800000,"cloudBuildWarnAfter":1590019200000,"defaultNode10After":1594252800000,"minVersion":"3.0.5","node8DeploysDisabledAfter":1613390400000,"node8RuntimeDisabledAfter":1615809600000,"node8WarnAfter":1600128000000}
[debug] [2021-06-13T09:31:48.524Z] <<< [apiv2][status] GET https://firebase.googleapis.com/v1beta1/projects/art-ug/adminSdkConfig 200
[debug] [2021-06-13T09:31:48.525Z] <<< [apiv2][body] GET https://firebase.googleapis.com/v1beta1/projects/art-ug/adminSdkConfig {"projectId":"art-ug","storageBucket":"art-ug.appspot.com","locationId":"us-central"}
[debug] [2021-06-13T09:31:48.582Z] >>> [apiv2][query] GET https://firebasehosting.googleapis.com/v1beta1/projects/art-ug/sites 
[debug] [2021-06-13T09:31:50.514Z] <<< [apiv2][status] GET https://firebasehosting.googleapis.com/v1beta1/projects/art-ug/sites 200
[debug] [2021-06-13T09:31:50.514Z] <<< [apiv2][body] GET https://firebasehosting.googleapis.com/v1beta1/projects/art-ug/sites {"sites":[{"name":"projects/543666737930/sites/art-ug","defaultUrl":"https://art-ug.web.app","appId":"1:543666737930:web:8faf7ce969eb075858e0f3","type":"DEFAULT_SITE"}]}
[debug] [2021-06-13T09:31:50.515Z] >>> [apiv2][query] GET https://firebase.googleapis.com/v1beta1/projects/art-ug/webApps/1:543666737930:web:8faf7ce969eb075858e0f3/config [none]
[debug] [2021-06-13T09:31:51.645Z] <<< [apiv2][status] GET https://firebase.googleapis.com/v1beta1/projects/art-ug/webApps/1:543666737930:web:8faf7ce969eb075858e0f3/config 200
[debug] [2021-06-13T09:31:51.646Z] <<< [apiv2][body] GET https://firebase.googleapis.com/v1beta1/projects/art-ug/webApps/1:543666737930:web:8faf7ce969eb075858e0f3/config {"projectId":"art-ug","appId":"1:543666737930:web:8faf7ce969eb075858e0f3","storageBucket":"art-ug.appspot.com","locationId":"us-central","apiKey":"AIzaSyAYqeKtj6ZEPGpEwawYNH2SLL76JVF-4F8","authDomain":"art-ug.firebaseapp.com","messagingSenderId":"543666737930","measurementId":"G-WJ0XZXLKZC"}
[info] i  hosting: Serving hosting files from: build {"metadata":{"emulator":{"name":"hosting"},"message":"Serving hosting files from: \u001b[1mbuild\u001b[22m"}}
[info] ✔  hosting: Local server: http://localhost:5000 {"metadata":{"emulator":{"name":"hosting"},"message":"Local server: \u001b[4m\u001b[1mhttp://localhost:5000\u001b[22m\u001b[24m"}}
[debug] [2021-06-13T09:31:51.843Z] Ignoring unsupported arg: auto_download {"metadata":{"emulator":{"name":"ui"},"message":"Ignoring unsupported arg: auto_download"}}
[debug] [2021-06-13T09:31:51.843Z] Ignoring unsupported arg: port {"metadata":{"emulator":{"name":"ui"},"message":"Ignoring unsupported arg: port"}}
[debug] [2021-06-13T09:31:51.843Z] Starting Emulator UI with command {"binary":"node","args":["/home/janz/.cache/firebase/emulators/ui-v1.5.0/server.bundle.js"],"optionalArgs":[],"joinArgs":false} {"metadata":{"emulator":{"name":"ui"},"message":"Starting Emulator UI with command {\"binary\":\"node\",\"args\":[\"/home/janz/.cache/firebase/emulators/ui-v1.5.0/server.bundle.js\"],\"optionalArgs\":[],\"joinArgs\":false}"}}
[info] i  ui: Emulator UI logging to ui-debug.log {"metadata":{"emulator":{"name":"ui"},"message":"Emulator UI logging to \u001b[1mui-debug.log\u001b[22m"}}
[debug] [2021-06-13T09:31:52.558Z] Web / API server started at http://localhost:4000
 {"metadata":{"emulator":{"name":"ui"},"message":"Web / API server started at http://localhost:4000\n"}}
[info] i  functions: Watching "/home/janz/Desktop/Arts_E-commerce_site/art-ug/functions" for Cloud Functions... {"metadata":{"emulator":{"name":"functions"},"message":"Watching \"/home/janz/Desktop/Arts_E-commerce_site/art-ug/functions\" for Cloud Functions..."}}
[debug] [2021-06-13T09:31:52.627Z] [worker-pool] addWorker(~diagnostic~) {"metadata":{"emulator":{"name":"functions"},"message":"[worker-pool] addWorker(~diagnostic~)"}}
[debug] [2021-06-13T09:31:52.628Z] [worker-pool] Adding worker with key ~diagnostic~, total=1 {"metadata":{"emulator":{"name":"functions"},"message":"[worker-pool] Adding worker with key ~diagnostic~, total=1"}}
[debug] [2021-06-13T09:31:52.628Z] [worker-pool] submitWork(triggerId=) {"metadata":{"emulator":{"name":"functions"},"message":"[worker-pool] submitWork(triggerId=)"}}
[debug] [2021-06-13T09:31:52.629Z] [worker-~diagnostic~-dbd5049d-5243-46cc-8d34-a3ccc67de850]: Assigning socketPath: /tmp/fire_emu_511485.sock {"metadata":{"emulator":{"name":"functions"},"message":"[worker-~diagnostic~-dbd5049d-5243-46cc-8d34-a3ccc67de850]: Assigning socketPath: /tmp/fire_emu_511485.sock"}}
[debug] [2021-06-13T09:31:52.630Z] [worker-~diagnostic~-dbd5049d-5243-46cc-8d34-a3ccc67de850]: BUSY {"metadata":{"emulator":{"name":"functions"},"message":"[worker-~diagnostic~-dbd5049d-5243-46cc-8d34-a3ccc67de850]: BUSY"}}
[debug] [2021-06-13T09:31:53.245Z] [runtime-status] [511485] Functions runtime initialized. {"cwd":"/home/janz/Desktop/Arts_E-commerce_site/art-ug/functions","node_version":"10.19.0"} {"metadata":{"emulator":{"name":"functions"},"message":"[runtime-status] [511485] Functions runtime initialized. {\"cwd\":\"/home/janz/Desktop/Arts_E-commerce_site/art-ug/functions\",\"node_version\":\"10.19.0\"}"}}
[debug] [2021-06-13T09:31:53.249Z] [runtime-status] [511485] Disabled runtime features: undefined {"metadata":{"emulator":{"name":"functions"},"message":"[runtime-status] [511485] Disabled runtime features: undefined"}}
[debug] [2021-06-13T09:31:53.308Z] [runtime-status] [511485] Resolved module firebase-admin {"declared":true,"installed":true,"version":"9.9.0","resolution":"/home/janz/Desktop/Arts_E-commerce_site/art-ug/functions/node_modules/firebase-admin/lib/index.js"} {"metadata":{"emulator":{"name":"functions"},"message":"[runtime-status] [511485] Resolved module firebase-admin {\"declared\":true,\"installed\":true,\"version\":\"9.9.0\",\"resolution\":\"/home/janz/Desktop/Arts_E-commerce_site/art-ug/functions/node_modules/firebase-admin/lib/index.js\"}"}}
[debug] [2021-06-13T09:31:53.325Z] [runtime-status] [511485] Resolved module firebase-functions {"declared":true,"installed":true,"version":"3.14.1","resolution":"/home/janz/Desktop/Arts_E-commerce_site/art-ug/functions/node_modules/firebase-functions/lib/index.js"} {"metadata":{"emulator":{"name":"functions"},"message":"[runtime-status] [511485] Resolved module firebase-functions {\"declared\":true,\"installed\":true,\"version\":\"3.14.1\",\"resolution\":\"/home/janz/Desktop/Arts_E-commerce_site/art-ug/functions/node_modules/firebase-functions/lib/index.js\"}"}}
[debug] [2021-06-13T09:31:53.329Z] [runtime-status] [511485] Resolved module firebase-functions {"declared":true,"installed":true,"version":"3.14.1","resolution":"/home/janz/Desktop/Arts_E-commerce_site/art-ug/functions/node_modules/firebase-functions/lib/index.js"} {"metadata":{"emulator":{"name":"functions"},"message":"[runtime-status] [511485] Resolved module firebase-functions {\"declared\":true,\"installed\":true,\"version\":\"3.14.1\",\"resolution\":\"/home/janz/Desktop/Arts_E-commerce_site/art-ug/functions/node_modules/firebase-functions/lib/index.js\"}"}}
[debug] [2021-06-13T09:31:53.336Z] [runtime-status] [511485] Outgoing network have been stubbed. [{"name":"http","status":"mocked"},{"name":"http","status":"mocked"},{"name":"https","status":"mocked"},{"name":"https","status":"mocked"},{"name":"net","status":"mocked"}] {"metadata":{"emulator":{"name":"functions"},"message":"[runtime-status] [511485] Outgoing network have been stubbed. [{\"name\":\"http\",\"status\":\"mocked\"},{\"name\":\"http\",\"status\":\"mocked\"},{\"name\":\"https\",\"status\":\"mocked\"},{\"name\":\"https\",\"status\":\"mocked\"},{\"name\":\"net\",\"status\":\"mocked\"}]"}}
[debug] [2021-06-13T09:31:53.338Z] [runtime-status] [511485] Resolved module firebase-functions {"declared":true,"installed":true,"version":"3.14.1","resolution":"/home/janz/Desktop/Arts_E-commerce_site/art-ug/functions/node_modules/firebase-functions/lib/index.js"} {"metadata":{"emulator":{"name":"functions"},"message":"[runtime-status] [511485] Resolved module firebase-functions {\"declared\":true,\"installed\":true,\"version\":\"3.14.1\",\"resolution\":\"/home/janz/Desktop/Arts_E-commerce_site/art-ug/functions/node_modules/firebase-functions/lib/index.js\"}"}}
[debug] [2021-06-13T09:31:54.086Z] [runtime-status] [511485] Checked functions.config() {"config":{}} {"metadata":{"emulator":{"name":"functions"},"message":"[runtime-status] [511485] Checked functions.config() {\"config\":{}}"}}
[debug] [2021-06-13T09:31:54.087Z] [runtime-status] [511485] firebase-functions has been stubbed. {"functionsResolution":{"declared":true,"installed":true,"version":"3.14.1","resolution":"/home/janz/Desktop/Arts_E-commerce_site/art-ug/functions/node_modules/firebase-functions/lib/index.js"}} {"metadata":{"emulator":{"name":"functions"},"message":"[runtime-status] [511485] firebase-functions has been stubbed. {\"functionsResolution\":{\"declared\":true,\"installed\":true,\"version\":\"3.14.1\",\"resolution\":\"/home/janz/Desktop/Arts_E-commerce_site/art-ug/functions/node_modules/firebase-functions/lib/index.js\"}}"}}
[debug] [2021-06-13T09:31:54.088Z] [runtime-status] [511485] Resolved module firebase-functions {"declared":true,"installed":true,"version":"3.14.1","resolution":"/home/janz/Desktop/Arts_E-commerce_site/art-ug/functions/node_modules/firebase-functions/lib/index.js"} {"metadata":{"emulator":{"name":"functions"},"message":"[runtime-status] [511485] Resolved module firebase-functions {\"declared\":true,\"installed\":true,\"version\":\"3.14.1\",\"resolution\":\"/home/janz/Desktop/Arts_E-commerce_site/art-ug/functions/node_modules/firebase-functions/lib/index.js\"}"}}
[debug] [2021-06-13T09:31:54.090Z] [runtime-status] [511485] Resolved module firebase-admin {"declared":true,"installed":true,"version":"9.9.0","resolution":"/home/janz/Desktop/Arts_E-commerce_site/art-ug/functions/node_modules/firebase-admin/lib/index.js"} {"metadata":{"emulator":{"name":"functions"},"message":"[runtime-status] [511485] Resolved module firebase-admin {\"declared\":true,\"installed\":true,\"version\":\"9.9.0\",\"resolution\":\"/home/janz/Desktop/Arts_E-commerce_site/art-ug/functions/node_modules/firebase-admin/lib/index.js\"}"}}
[debug] [2021-06-13T09:31:54.090Z] [runtime-status] [511485] Resolved module firebase-functions {"declared":true,"installed":true,"version":"3.14.1","resolution":"/home/janz/Desktop/Arts_E-commerce_site/art-ug/functions/node_modules/firebase-functions/lib/index.js"} {"metadata":{"emulator":{"name":"functions"},"message":"[runtime-status] [511485] Resolved module firebase-functions {\"declared\":true,\"installed\":true,\"version\":\"3.14.1\",\"resolution\":\"/home/janz/Desktop/Arts_E-commerce_site/art-ug/functions/node_modules/firebase-functions/lib/index.js\"}"}}
[debug] [2021-06-13T09:31:54.092Z] [runtime-status] [511485] firebase-admin has been stubbed. {"adminResolution":{"declared":true,"installed":true,"version":"9.9.0","resolution":"/home/janz/Desktop/Arts_E-commerce_site/art-ug/functions/node_modules/firebase-admin/lib/index.js"}} {"metadata":{"emulator":{"name":"functions"},"message":"[runtime-status] [511485] firebase-admin has been stubbed. {\"adminResolution\":{\"declared\":true,\"installed\":true,\"version\":\"9.9.0\",\"resolution\":\"/home/janz/Desktop/Arts_E-commerce_site/art-ug/functions/node_modules/firebase-admin/lib/index.js\"}}"}}
[info] ✔  functions[us-central1-api]: http function initialized (http://localhost:5001/art-ug/us-central1/api). {"metadata":{"emulator":{"name":"functions"},"message":"\u001b[1mhttp\u001b[22m function initialized (http://localhost:5001/art-ug/us-central1/api)."}}
[info] 
┌─────────────────────────────────────────────────────────────┐
│ ✔  All emulators ready! It is now safe to connect your app. │
│ i  View Emulator UI at http://localhost:4000                │
└─────────────────────────────────────────────────────────────┘

┌───────────┬────────────────┬─────────────────────────────────┐
│ Emulator  │ Host:Port      │ View in Emulator UI             │
├───────────┼────────────────┼─────────────────────────────────┤
│ Functions │ localhost:5001 │ http://localhost:4000/functions │
├───────────┼────────────────┼─────────────────────────────────┤
│ Hosting   │ localhost:5000 │ n/a                             │
└───────────┴────────────────┴─────────────────────────────────┘
  Emulator Hub running at localhost:4400
  Other reserved ports: 4500

Issues? Report them at https://github.com/firebase/firebase-tools/issues and attach the *-debug.log files.
 
[debug] [2021-06-13T09:31:56.115Z] [worker-~diagnostic~-dbd5049d-5243-46cc-8d34-a3ccc67de850]: IDLE {"metadata":{"emulator":{"name":"functions"},"message":"[worker-~diagnostic~-dbd5049d-5243-46cc-8d34-a3ccc67de850]: IDLE"}}
[debug] [2021-06-13T09:32:06.020Z] [work-queue] {"queueLength":1,"workRunningCount":0}
[debug] [2021-06-13T09:32:06.021Z] [work-queue] {"queueLength":0,"workRunningCount":1}
[debug] [2021-06-13T09:32:06.021Z] Accepted request GET /art-ug/us-central1/api --> us-central1-api
[debug] [2021-06-13T09:32:06.029Z] [worker-pool] addWorker(us-central1-api) {"metadata":{"emulator":{"name":"functions"},"message":"[worker-pool] addWorker(us-central1-api)"}}
[debug] [2021-06-13T09:32:06.029Z] [worker-pool] Adding worker with key us-central1-api, total=1 {"metadata":{"emulator":{"name":"functions"},"message":"[worker-pool] Adding worker with key us-central1-api, total=1"}}
[debug] [2021-06-13T09:32:06.029Z] [worker-pool] submitWork(triggerId=us-central1-api) {"metadata":{"emulator":{"name":"functions"},"message":"[worker-pool] submitWork(triggerId=us-central1-api)"}}
[debug] [2021-06-13T09:32:06.030Z] [worker-us-central1-api-58b2be9c-f2d3-4790-ab48-774d90f5837c]: Assigning socketPath: /tmp/fire_emu_511528.sock {"metadata":{"emulator":{"name":"functions"},"message":"[worker-us-central1-api-58b2be9c-f2d3-4790-ab48-774d90f5837c]: Assigning socketPath: /tmp/fire_emu_511528.sock"}}
[debug] [2021-06-13T09:32:06.030Z] [worker-us-central1-api-58b2be9c-f2d3-4790-ab48-774d90f5837c]: BUSY {"metadata":{"emulator":{"name":"functions"},"message":"[worker-us-central1-api-58b2be9c-f2d3-4790-ab48-774d90f5837c]: BUSY"}}
[debug] [2021-06-13T09:32:06.683Z] [runtime-status] [511528] Functions runtime initialized. {"cwd":"/home/janz/Desktop/Arts_E-commerce_site/art-ug/functions","node_version":"10.19.0"} {"metadata":{"emulator":{"name":"functions"},"function":{"name":"us-central1-api"},"message":"[runtime-status] [511528] Functions runtime initialized. {\"cwd\":\"/home/janz/Desktop/Arts_E-commerce_site/art-ug/functions\",\"node_version\":\"10.19.0\"}"}}
[debug] [2021-06-13T09:32:06.685Z] [runtime-status] [511528] Disabled runtime features: undefined {"metadata":{"emulator":{"name":"functions"},"function":{"name":"us-central1-api"},"message":"[runtime-status] [511528] Disabled runtime features: undefined"}}
[debug] [2021-06-13T09:32:06.688Z] [runtime-status] [511528] Resolved module firebase-admin {"declared":true,"installed":true,"version":"9.9.0","resolution":"/home/janz/Desktop/Arts_E-commerce_site/art-ug/functions/node_modules/firebase-admin/lib/index.js"} {"metadata":{"emulator":{"name":"functions"},"function":{"name":"us-central1-api"},"message":"[runtime-status] [511528] Resolved module firebase-admin {\"declared\":true,\"installed\":true,\"version\":\"9.9.0\",\"resolution\":\"/home/janz/Desktop/Arts_E-commerce_site/art-ug/functions/node_modules/firebase-admin/lib/index.js\"}"}}
[debug] [2021-06-13T09:32:06.689Z] [runtime-status] [511528] Resolved module firebase-functions {"declared":true,"installed":true,"version":"3.14.1","resolution":"/home/janz/Desktop/Arts_E-commerce_site/art-ug/functions/node_modules/firebase-functions/lib/index.js"} {"metadata":{"emulator":{"name":"functions"},"function":{"name":"us-central1-api"},"message":"[runtime-status] [511528] Resolved module firebase-functions {\"declared\":true,\"installed\":true,\"version\":\"3.14.1\",\"resolution\":\"/home/janz/Desktop/Arts_E-commerce_site/art-ug/functions/node_modules/firebase-functions/lib/index.js\"}"}}
[debug] [2021-06-13T09:32:06.690Z] [runtime-status] [511528] Resolved module firebase-functions {"declared":true,"installed":true,"version":"3.14.1","resolution":"/home/janz/Desktop/Arts_E-commerce_site/art-ug/functions/node_modules/firebase-functions/lib/index.js"} {"metadata":{"emulator":{"name":"functions"},"function":{"name":"us-central1-api"},"message":"[runtime-status] [511528] Resolved module firebase-functions {\"declared\":true,\"installed\":true,\"version\":\"3.14.1\",\"resolution\":\"/home/janz/Desktop/Arts_E-commerce_site/art-ug/functions/node_modules/firebase-functions/lib/index.js\"}"}}
[debug] [2021-06-13T09:32:06.695Z] [runtime-status] [511528] Outgoing network have been stubbed. [{"name":"http","status":"mocked"},{"name":"http","status":"mocked"},{"name":"https","status":"mocked"},{"name":"https","status":"mocked"},{"name":"net","status":"mocked"}] {"metadata":{"emulator":{"name":"functions"},"function":{"name":"us-central1-api"},"message":"[runtime-status] [511528] Outgoing network have been stubbed. [{\"name\":\"http\",\"status\":\"mocked\"},{\"name\":\"http\",\"status\":\"mocked\"},{\"name\":\"https\",\"status\":\"mocked\"},{\"name\":\"https\",\"status\":\"mocked\"},{\"name\":\"net\",\"status\":\"mocked\"}]"}}
[debug] [2021-06-13T09:32:06.697Z] [runtime-status] [511528] Resolved module firebase-functions {"declared":true,"installed":true,"version":"3.14.1","resolution":"/home/janz/Desktop/Arts_E-commerce_site/art-ug/functions/node_modules/firebase-functions/lib/index.js"} {"metadata":{"emulator":{"name":"functions"},"function":{"name":"us-central1-api"},"message":"[runtime-status] [511528] Resolved module firebase-functions {\"declared\":true,\"installed\":true,\"version\":\"3.14.1\",\"resolution\":\"/home/janz/Desktop/Arts_E-commerce_site/art-ug/functions/node_modules/firebase-functions/lib/index.js\"}"}}
[debug] [2021-06-13T09:32:06.743Z] [runtime-status] [511528] Checked functions.config() {"config":{}} {"metadata":{"emulator":{"name":"functions"},"function":{"name":"us-central1-api"},"message":"[runtime-status] [511528] Checked functions.config() {\"config\":{}}"}}
[debug] [2021-06-13T09:32:06.743Z] [runtime-status] [511528] firebase-functions has been stubbed. {"functionsResolution":{"declared":true,"installed":true,"version":"3.14.1","resolution":"/home/janz/Desktop/Arts_E-commerce_site/art-ug/functions/node_modules/firebase-functions/lib/index.js"}} {"metadata":{"emulator":{"name":"functions"},"function":{"name":"us-central1-api"},"message":"[runtime-status] [511528] firebase-functions has been stubbed. {\"functionsResolution\":{\"declared\":true,\"installed\":true,\"version\":\"3.14.1\",\"resolution\":\"/home/janz/Desktop/Arts_E-commerce_site/art-ug/functions/node_modules/firebase-functions/lib/index.js\"}}"}}
[debug] [2021-06-13T09:32:06.744Z] [runtime-status] [511528] Resolved module firebase-functions {"declared":true,"installed":true,"version":"3.14.1","resolution":"/home/janz/Desktop/Arts_E-commerce_site/art-ug/functions/node_modules/firebase-functions/lib/index.js"} {"metadata":{"emulator":{"name":"functions"},"function":{"name":"us-central1-api"},"message":"[runtime-status] [511528] Resolved module firebase-functions {\"declared\":true,\"installed\":true,\"version\":\"3.14.1\",\"resolution\":\"/home/janz/Desktop/Arts_E-commerce_site/art-ug/functions/node_modules/firebase-functions/lib/index.js\"}"}}
[debug] [2021-06-13T09:32:06.745Z] [runtime-status] [511528] Resolved module firebase-admin {"declared":true,"installed":true,"version":"9.9.0","resolution":"/home/janz/Desktop/Arts_E-commerce_site/art-ug/functions/node_modules/firebase-admin/lib/index.js"} {"metadata":{"emulator":{"name":"functions"},"function":{"name":"us-central1-api"},"message":"[runtime-status] [511528] Resolved module firebase-admin {\"declared\":true,\"installed\":true,\"version\":\"9.9.0\",\"resolution\":\"/home/janz/Desktop/Arts_E-commerce_site/art-ug/functions/node_modules/firebase-admin/lib/index.js\"}"}}
[debug] [2021-06-13T09:32:06.746Z] [runtime-status] [511528] Resolved module firebase-functions {"declared":true,"installed":true,"version":"3.14.1","resolution":"/home/janz/Desktop/Arts_E-commerce_site/art-ug/functions/node_modules/firebase-functions/lib/index.js"} {"metadata":{"emulator":{"name":"functions"},"function":{"name":"us-central1-api"},"message":"[runtime-status] [511528] Resolved module firebase-functions {\"declared\":true,\"installed\":true,\"version\":\"3.14.1\",\"resolution\":\"/home/janz/Desktop/Arts_E-commerce_site/art-ug/functions/node_modules/firebase-functions/lib/index.js\"}"}}
[debug] [2021-06-13T09:32:06.746Z] [runtime-status] [511528] firebase-admin has been stubbed. {"adminResolution":{"declared":true,"installed":true,"version":"9.9.0","resolution":"/home/janz/Desktop/Arts_E-commerce_site/art-ug/functions/node_modules/firebase-admin/lib/index.js"}} {"metadata":{"emulator":{"name":"functions"},"function":{"name":"us-central1-api"},"message":"[runtime-status] [511528] firebase-admin has been stubbed. {\"adminResolution\":{\"declared\":true,\"installed\":true,\"version\":\"9.9.0\",\"resolution\":\"/home/janz/Desktop/Arts_E-commerce_site/art-ug/functions/node_modules/firebase-admin/lib/index.js\"}}"}}
[debug] [2021-06-13T09:32:06.854Z] [runtime-status] [511528] Trigger "us-central1-api" has been found, beginning invocation! {"metadata":{"emulator":{"name":"functions"},"function":{"name":"us-central1-api"},"message":"[runtime-status] [511528] Trigger \"us-central1-api\" has been found, beginning invocation!"}}
[info] i  functions: Beginning execution of "us-central1-api" {"metadata":{"emulator":{"name":"functions"},"function":{"name":"us-central1-api"},"message":"Beginning execution of \"us-central1-api\""}}
[debug] [2021-06-13T09:32:06.855Z] [runtime-status] [511528] triggerDefinition {"httpsTrigger":{},"name":"api","entryPoint":"api","regions":["us-central1"],"region":"us-central1","id":"us-central1-api"} {"metadata":{"emulator":{"name":"functions"},"function":{"name":"us-central1-api"},"message":"[runtime-status] [511528] triggerDefinition {\"httpsTrigger\":{},\"name\":\"api\",\"entryPoint\":\"api\",\"regions\":[\"us-central1\"],\"region\":\"us-central1\",\"id\":\"us-central1-api\"}"}}
[debug] [2021-06-13T09:32:06.855Z] [runtime-status] [511528] Running us-central1-api in mode HTTPS {"metadata":{"emulator":{"name":"functions"},"function":{"name":"us-central1-api"},"message":"[runtime-status] [511528] Running us-central1-api in mode HTTPS"}}
[debug] [2021-06-13T09:32:06.863Z] [runtime-status] [511528] Attempting to listen to socketPath: /tmp/fire_emu_511528.sock {"metadata":{"emulator":{"name":"functions"},"function":{"name":"us-central1-api"},"message":"[runtime-status] [511528] Attempting to listen to socketPath: /tmp/fire_emu_511528.sock"}}
[debug] [2021-06-13T09:32:06.869Z] [functions] Runtime ready! Sending request! {"metadata":{"emulator":{"name":"functions"},"message":"[functions] Runtime ready! Sending request!"}}
[debug] [2021-06-13T09:32:06.870Z] [functions] Got req.url=/art-ug/us-central1/api, mapping to path=/ {"metadata":{"emulator":{"name":"functions"},"message":"[functions] Got req.url=/art-ug/us-central1/api, mapping to path=/"}}
[debug] [2021-06-13T09:32:06.895Z] [runtime-status] [511528] Ephemeral server handling GET request {"metadata":{"emulator":{"name":"functions"},"function":{"name":"us-central1-api"},"message":"[runtime-status] [511528] Ephemeral server handling GET request"}}
[debug] [2021-06-13T09:32:06.907Z] [runtime-status] [511528] Ephemeral server survived. {"metadata":{"emulator":{"name":"functions"},"function":{"name":"us-central1-api"},"message":"[runtime-status] [511528] Ephemeral server survived."}}
[info] i  functions: Finished "us-central1-api" in ~1s {"metadata":{"emulator":{"name":"functions"},"function":{"name":"us-central1-api"},"message":"Finished \"us-central1-api\" in ~1s"}}
[debug] [2021-06-13T09:32:06.910Z] [worker-us-central1-api-58b2be9c-f2d3-4790-ab48-774d90f5837c]: IDLE {"metadata":{"emulator":{"name":"functions"},"message":"[worker-us-central1-api-58b2be9c-f2d3-4790-ab48-774d90f5837c]: IDLE"}}
[debug] [2021-06-13T09:32:06.911Z] [work-queue] {"queueLength":0,"workRunningCount":0}
[debug] [2021-06-13T09:32:19.122Z] [work-queue] {"queueLength":1,"workRunningCount":0}
[debug] [2021-06-13T09:32:19.122Z] [work-queue] {"queueLength":0,"workRunningCount":1}
[debug] [2021-06-13T09:32:19.122Z] Accepted request POST /art-ug/us-central1/api/payments/create?total=0 --> us-central1-api
[debug] [2021-06-13T09:32:19.122Z] [worker-pool] submitWork(triggerId=us-central1-api) {"metadata":{"emulator":{"name":"functions"},"message":"[worker-pool] submitWork(triggerId=us-central1-api)"}}
[debug] [2021-06-13T09:32:19.123Z] [worker-us-central1-api-58b2be9c-f2d3-4790-ab48-774d90f5837c]: Assigning socketPath: /tmp/fire_emu_511528.sock {"metadata":{"emulator":{"name":"functions"},"message":"[worker-us-central1-api-58b2be9c-f2d3-4790-ab48-774d90f5837c]: Assigning socketPath: /tmp/fire_emu_511528.sock"}}
[debug] [2021-06-13T09:32:19.123Z] [worker-us-central1-api-58b2be9c-f2d3-4790-ab48-774d90f5837c]: BUSY {"metadata":{"emulator":{"name":"functions"},"message":"[worker-us-central1-api-58b2be9c-f2d3-4790-ab48-774d90f5837c]: BUSY"}}
[debug] [2021-06-13T09:32:19.126Z] [runtime-status] [511528] Trigger "us-central1-api" has been found, beginning invocation! {"metadata":{"emulator":{"name":"functions"},"function":{"name":"us-central1-api"},"message":"[runtime-status] [511528] Trigger \"us-central1-api\" has been found, beginning invocation!"}}
[info] i  functions: Beginning execution of "us-central1-api" {"metadata":{"emulator":{"name":"functions"},"function":{"name":"us-central1-api"},"message":"Beginning execution of \"us-central1-api\""}}
[debug] [2021-06-13T09:32:19.127Z] [runtime-status] [511528] triggerDefinition {"httpsTrigger":{},"name":"api","entryPoint":"api","regions":["us-central1"],"region":"us-central1","id":"us-central1-api"} {"metadata":{"emulator":{"name":"functions"},"function":{"name":"us-central1-api"},"message":"[runtime-status] [511528] triggerDefinition {\"httpsTrigger\":{},\"name\":\"api\",\"entryPoint\":\"api\",\"regions\":[\"us-central1\"],\"region\":\"us-central1\",\"id\":\"us-central1-api\"}"}}
[debug] [2021-06-13T09:32:19.127Z] [runtime-status] [511528] Running us-central1-api in mode HTTPS {"metadata":{"emulator":{"name":"functions"},"function":{"name":"us-central1-api"},"message":"[runtime-status] [511528] Running us-central1-api in mode HTTPS"}}
[debug] [2021-06-13T09:32:19.128Z] [runtime-status] [511528] Attempting to listen to socketPath: /tmp/fire_emu_511528.sock {"metadata":{"emulator":{"name":"functions"},"function":{"name":"us-central1-api"},"message":"[runtime-status] [511528] Attempting to listen to socketPath: /tmp/fire_emu_511528.sock"}}
[debug] [2021-06-13T09:32:19.130Z] [functions] Runtime ready! Sending request! {"metadata":{"emulator":{"name":"functions"},"message":"[functions] Runtime ready! Sending request!"}}
[debug] [2021-06-13T09:32:19.131Z] [functions] Got req.url=/art-ug/us-central1/api/payments/create?total=0, mapping to path=/payments/create?total=0 {"metadata":{"emulator":{"name":"functions"},"message":"[functions] Got req.url=/art-ug/us-central1/api/payments/create?total=0, mapping to path=/payments/create?total=0"}}
[debug] [2021-06-13T09:32:19.144Z] [runtime-status] [511528] Ephemeral server handling POST request {"metadata":{"emulator":{"name":"functions"},"function":{"name":"us-central1-api"},"message":"[runtime-status] [511528] Ephemeral server handling POST request"}}
[info] >  Payment Request Recieved BOOM!!! for this amount >>>  0 {"user":"Payment Request Recieved BOOM!!! for this amount >>>  0","metadata":{"emulator":{"name":"functions"},"function":{"name":"us-central1-api"},"message":"\u001b[90m> \u001b[39m Payment Request Recieved BOOM!!! for this amount >>>  0"}}
[debug] [2021-06-13T09:32:19.167Z] [runtime-status] [511528] Ephemeral server survived. {"metadata":{"emulator":{"name":"functions"},"function":{"name":"us-central1-api"},"message":"[runtime-status] [511528] Ephemeral server survived."}}
[info] >  (node:511528) UnhandledPromiseRejectionWarning: Error: This value must be greater than or equal to 1. {"user":"(node:511528) UnhandledPromiseRejectionWarning: Error: This value must be greater than or equal to 1.","metadata":{"emulator":{"name":"functions"},"function":{"name":"us-central1-api"},"message":"\u001b[90m> \u001b[39m (node:511528) UnhandledPromiseRejectionWarning: Error: This value must be greater than or equal to 1."}}
[info] >      at Function.generate (/home/janz/Desktop/Arts_E-commerce_site/art-ug/functions/node_modules/stripe/lib/Error.js:40:16) {"user":"    at Function.generate (/home/janz/Desktop/Arts_E-commerce_site/art-ug/functions/node_modules/stripe/lib/Error.js:40:16)","metadata":{"emulator":{"name":"functions"},"function":{"name":"us-central1-api"},"message":"\u001b[90m> \u001b[39m     at Function.generate (/home/janz/Desktop/Arts_E-commerce_site/art-ug/functions/node_modules/stripe/lib/Error.js:40:16)"}}
[info] >      at IncomingMessage.res.once (/home/janz/Desktop/Arts_E-commerce_site/art-ug/functions/node_modules/stripe/lib/StripeResource.js:180:33) {"user":"    at IncomingMessage.res.once (/home/janz/Desktop/Arts_E-commerce_site/art-ug/functions/node_modules/stripe/lib/StripeResource.js:180:33)","metadata":{"emulator":{"name":"functions"},"function":{"name":"us-central1-api"},"message":"\u001b[90m> \u001b[39m     at IncomingMessage.res.once (/home/janz/Desktop/Arts_E-commerce_site/art-ug/functions/node_modules/stripe/lib/StripeResource.js:180:33)"}}
[info] >      at Object.onceWrapper (events.js:286:20) {"user":"    at Object.onceWrapper (events.js:286:20)","metadata":{"emulator":{"name":"functions"},"function":{"name":"us-central1-api"},"message":"\u001b[90m> \u001b[39m     at Object.onceWrapper (events.js:286:20)"}}
[info] >      at IncomingMessage.emit (events.js:203:15) {"user":"    at IncomingMessage.emit (events.js:203:15)","metadata":{"emulator":{"name":"functions"},"function":{"name":"us-central1-api"},"message":"\u001b[90m> \u001b[39m     at IncomingMessage.emit (events.js:203:15)"}}
[info] >      at endReadableNT (_stream_readable.js:1145:12) {"user":"    at endReadableNT (_stream_readable.js:1145:12)","metadata":{"emulator":{"name":"functions"},"function":{"name":"us-central1-api"},"message":"\u001b[90m> \u001b[39m     at endReadableNT (_stream_readable.js:1145:12)"}}
[info] >      at process._tickCallback (internal/process/next_tick.js:63:19) {"user":"    at process._tickCallback (internal/process/next_tick.js:63:19)","metadata":{"emulator":{"name":"functions"},"function":{"name":"us-central1-api"},"message":"\u001b[90m> \u001b[39m     at process._tickCallback (internal/process/next_tick.js:63:19)"}}
[info] >  (node:511528) UnhandledPromiseRejectionWarning: Unhandled promise rejection. This error originated either by throwing inside of an async function without a catch block, or by rejecting a promise which was not handled with .catch(). (rejection id: 1) {"user":"(node:511528) UnhandledPromiseRejectionWarning: Unhandled promise rejection. This error originated either by throwing inside of an async function without a catch block, or by rejecting a promise which was not handled with .catch(). (rejection id: 1)","metadata":{"emulator":{"name":"functions"},"function":{"name":"us-central1-api"},"message":"\u001b[90m> \u001b[39m (node:511528) UnhandledPromiseRejectionWarning: Unhandled promise rejection. This error originated either by throwing inside of an async function without a catch block, or by rejecting a promise which was not handled with .catch(). (rejection id: 1)"}}
[info] >  (node:511528) [DEP0018] DeprecationWarning: Unhandled promise rejections are deprecated. In the future, promise rejections that are not handled will terminate the Node.js process with a non-zero exit code. {"user":"(node:511528) [DEP0018] DeprecationWarning: Unhandled promise rejections are deprecated. In the future, promise rejections that are not handled will terminate the Node.js process with a non-zero exit code.","metadata":{"emulator":{"name":"functions"},"function":{"name":"us-central1-api"},"message":"\u001b[90m> \u001b[39m (node:511528) [DEP0018] DeprecationWarning: Unhandled promise rejections are deprecated. In the future, promise rejections that are not handled will terminate the Node.js process with a non-zero exit code."}}
[warn] ⚠  functions: Your function timed out after ~60s. To configure this timeout, see
      https://firebase.google.com/docs/functions/manage-functions#set_timeout_and_memory_allocation. {"metadata":{"emulator":{"name":"functions"},"function":{"name":"us-central1-api"},"message":"Your function timed out after ~60s. To configure this timeout, see\n      https://firebase.google.com/docs/functions/manage-functions#set_timeout_and_memory_allocation."}}
[info] >  /usr/local/lib/node_modules/firebase-tools/lib/emulator/functionsEmulatorRuntime.js:648 {"user":"/usr/local/lib/node_modules/firebase-tools/lib/emulator/functionsEmulatorRuntime.js:648","metadata":{"emulator":{"name":"functions"},"function":{"name":"us-central1-api"},"message":"\u001b[90m> \u001b[39m /usr/local/lib/node_modules/firebase-tools/lib/emulator/functionsEmulatorRuntime.js:648"}}
[info] >              throw new Error("Function timed out."); {"user":"            throw new Error(\"Function timed out.\");","metadata":{"emulator":{"name":"functions"},"function":{"name":"us-central1-api"},"message":"\u001b[90m> \u001b[39m             throw new Error(\"Function timed out.\");"}}
[info] >              ^ {"user":"            ^","metadata":{"emulator":{"name":"functions"},"function":{"name":"us-central1-api"},"message":"\u001b[90m> \u001b[39m             ^"}}
[info] >   {"user":"","metadata":{"emulator":{"name":"functions"},"function":{"name":"us-central1-api"},"message":"\u001b[90m> \u001b[39m "}}
[info] >  Error: Function timed out. {"user":"Error: Function timed out.","metadata":{"emulator":{"name":"functions"},"function":{"name":"us-central1-api"},"message":"\u001b[90m> \u001b[39m Error: Function timed out."}}
[info] >      at Timeout.setTimeout [as _onTimeout] (/usr/local/lib/node_modules/firebase-tools/lib/emulator/functionsEmulatorRuntime.js:648:19) {"user":"    at Timeout.setTimeout [as _onTimeout] (/usr/local/lib/node_modules/firebase-tools/lib/emulator/functionsEmulatorRuntime.js:648:19)","metadata":{"emulator":{"name":"functions"},"function":{"name":"us-central1-api"},"message":"\u001b[90m> \u001b[39m     at Timeout.setTimeout [as _onTimeout] (/usr/local/lib/node_modules/firebase-tools/lib/emulator/functionsEmulatorRuntime.js:648:19)"}}
[info] >      at ontimeout (timers.js:436:11) {"user":"    at ontimeout (timers.js:436:11)","metadata":{"emulator":{"name":"functions"},"function":{"name":"us-central1-api"},"message":"\u001b[90m> \u001b[39m     at ontimeout (timers.js:436:11)"}}
[info] >      at tryOnTimeout (timers.js:300:5) {"user":"    at tryOnTimeout (timers.js:300:5)","metadata":{"emulator":{"name":"functions"},"function":{"name":"us-central1-api"},"message":"\u001b[90m> \u001b[39m     at tryOnTimeout (timers.js:300:5)"}}
[info] >      at listOnTimeout (timers.js:263:5) {"user":"    at listOnTimeout (timers.js:263:5)","metadata":{"emulator":{"name":"functions"},"function":{"name":"us-central1-api"},"message":"\u001b[90m> \u001b[39m     at listOnTimeout (timers.js:263:5)"}}
[info] >      at Timer.processTimers (timers.js:223:10) {"user":"    at Timer.processTimers (timers.js:223:10)","metadata":{"emulator":{"name":"functions"},"function":{"name":"us-central1-api"},"message":"\u001b[90m> \u001b[39m     at Timer.processTimers (timers.js:223:10)"}}
[debug] [2021-06-13T09:33:19.141Z] [worker-us-central1-api-58b2be9c-f2d3-4790-ab48-774d90f5837c]: exited {"metadata":{"emulator":{"name":"functions"},"message":"[worker-us-central1-api-58b2be9c-f2d3-4790-ab48-774d90f5837c]: exited"}}
[debug] [2021-06-13T09:33:19.141Z] [worker-us-central1-api-58b2be9c-f2d3-4790-ab48-774d90f5837c]: FINISHED {"metadata":{"emulator":{"name":"functions"},"message":"[worker-us-central1-api-58b2be9c-f2d3-4790-ab48-774d90f5837c]: FINISHED"}}
[debug] [2021-06-13T09:33:19.141Z] [work-queue] {"queueLength":0,"workRunningCount":0}
[debug] [2021-06-13T09:38:59.589Z] [work-queue] {"queueLength":1,"workRunningCount":0}
[debug] [2021-06-13T09:38:59.590Z] [work-queue] {"queueLength":0,"workRunningCount":1}
[debug] [2021-06-13T09:38:59.590Z] Accepted request POST /art-ug/us-central1/api/payments/create?total=2000 --> us-central1-api
[debug] [2021-06-13T09:38:59.590Z] [worker-pool] Cleaned up workers for us-central1-api: 1 --> 0 {"metadata":{"emulator":{"name":"functions"},"message":"[worker-pool] Cleaned up workers for us-central1-api: 1 --> 0"}}
[debug] [2021-06-13T09:38:59.610Z] [worker-pool] addWorker(us-central1-api) {"metadata":{"emulator":{"name":"functions"},"message":"[worker-pool] addWorker(us-central1-api)"}}
[debug] [2021-06-13T09:38:59.610Z] [worker-pool] Adding worker with key us-central1-api, total=1 {"metadata":{"emulator":{"name":"functions"},"message":"[worker-pool] Adding worker with key us-central1-api, total=1"}}
[debug] [2021-06-13T09:38:59.611Z] [worker-pool] submitWork(triggerId=us-central1-api) {"metadata":{"emulator":{"name":"functions"},"message":"[worker-pool] submitWork(triggerId=us-central1-api)"}}
[debug] [2021-06-13T09:38:59.611Z] [worker-us-central1-api-21101b56-bbbf-4d8a-b225-d267c9aefe40]: Assigning socketPath: /tmp/fire_emu_512138.sock {"metadata":{"emulator":{"name":"functions"},"message":"[worker-us-central1-api-21101b56-bbbf-4d8a-b225-d267c9aefe40]: Assigning socketPath: /tmp/fire_emu_512138.sock"}}
[debug] [2021-06-13T09:38:59.611Z] [worker-us-central1-api-21101b56-bbbf-4d8a-b225-d267c9aefe40]: BUSY {"metadata":{"emulator":{"name":"functions"},"message":"[worker-us-central1-api-21101b56-bbbf-4d8a-b225-d267c9aefe40]: BUSY"}}
[debug] [2021-06-13T09:39:00.507Z] [runtime-status] [512138] Functions runtime initialized. {"cwd":"/home/janz/Desktop/Arts_E-commerce_site/art-ug/functions","node_version":"10.19.0"} {"metadata":{"emulator":{"name":"functions"},"function":{"name":"us-central1-api"},"message":"[runtime-status] [512138] Functions runtime initialized. {\"cwd\":\"/home/janz/Desktop/Arts_E-commerce_site/art-ug/functions\",\"node_version\":\"10.19.0\"}"}}
[debug] [2021-06-13T09:39:00.510Z] [runtime-status] [512138] Disabled runtime features: undefined {"metadata":{"emulator":{"name":"functions"},"function":{"name":"us-central1-api"},"message":"[runtime-status] [512138] Disabled runtime features: undefined"}}
[debug] [2021-06-13T09:39:00.513Z] [runtime-status] [512138] Resolved module firebase-admin {"declared":true,"installed":true,"version":"9.9.0","resolution":"/home/janz/Desktop/Arts_E-commerce_site/art-ug/functions/node_modules/firebase-admin/lib/index.js"} {"metadata":{"emulator":{"name":"functions"},"function":{"name":"us-central1-api"},"message":"[runtime-status] [512138] Resolved module firebase-admin {\"declared\":true,\"installed\":true,\"version\":\"9.9.0\",\"resolution\":\"/home/janz/Desktop/Arts_E-commerce_site/art-ug/functions/node_modules/firebase-admin/lib/index.js\"}"}}
[debug] [2021-06-13T09:39:00.514Z] [runtime-status] [512138] Resolved module firebase-functions {"declared":true,"installed":true,"version":"3.14.1","resolution":"/home/janz/Desktop/Arts_E-commerce_site/art-ug/functions/node_modules/firebase-functions/lib/index.js"} {"metadata":{"emulator":{"name":"functions"},"function":{"name":"us-central1-api"},"message":"[runtime-status] [512138] Resolved module firebase-functions {\"declared\":true,\"installed\":true,\"version\":\"3.14.1\",\"resolution\":\"/home/janz/Desktop/Arts_E-commerce_site/art-ug/functions/node_modules/firebase-functions/lib/index.js\"}"}}
[debug] [2021-06-13T09:39:00.515Z] [runtime-status] [512138] Resolved module firebase-functions {"declared":true,"installed":true,"version":"3.14.1","resolution":"/home/janz/Desktop/Arts_E-commerce_site/art-ug/functions/node_modules/firebase-functions/lib/index.js"} {"metadata":{"emulator":{"name":"functions"},"function":{"name":"us-central1-api"},"message":"[runtime-status] [512138] Resolved module firebase-functions {\"declared\":true,\"installed\":true,\"version\":\"3.14.1\",\"resolution\":\"/home/janz/Desktop/Arts_E-commerce_site/art-ug/functions/node_modules/firebase-functions/lib/index.js\"}"}}
[debug] [2021-06-13T09:39:00.521Z] [runtime-status] [512138] Outgoing network have been stubbed. [{"name":"http","status":"mocked"},{"name":"http","status":"mocked"},{"name":"https","status":"mocked"},{"name":"https","status":"mocked"},{"name":"net","status":"mocked"}] {"metadata":{"emulator":{"name":"functions"},"function":{"name":"us-central1-api"},"message":"[runtime-status] [512138] Outgoing network have been stubbed. [{\"name\":\"http\",\"status\":\"mocked\"},{\"name\":\"http\",\"status\":\"mocked\"},{\"name\":\"https\",\"status\":\"mocked\"},{\"name\":\"https\",\"status\":\"mocked\"},{\"name\":\"net\",\"status\":\"mocked\"}]"}}
[debug] [2021-06-13T09:39:00.522Z] [runtime-status] [512138] Resolved module firebase-functions {"declared":true,"installed":true,"version":"3.14.1","resolution":"/home/janz/Desktop/Arts_E-commerce_site/art-ug/functions/node_modules/firebase-functions/lib/index.js"} {"metadata":{"emulator":{"name":"functions"},"function":{"name":"us-central1-api"},"message":"[runtime-status] [512138] Resolved module firebase-functions {\"declared\":true,\"installed\":true,\"version\":\"3.14.1\",\"resolution\":\"/home/janz/Desktop/Arts_E-commerce_site/art-ug/functions/node_modules/firebase-functions/lib/index.js\"}"}}
[debug] [2021-06-13T09:39:00.582Z] [runtime-status] [512138] Checked functions.config() {"config":{}} {"metadata":{"emulator":{"name":"functions"},"function":{"name":"us-central1-api"},"message":"[runtime-status] [512138] Checked functions.config() {\"config\":{}}"}}
[debug] [2021-06-13T09:39:00.582Z] [runtime-status] [512138] firebase-functions has been stubbed. {"functionsResolution":{"declared":true,"installed":true,"version":"3.14.1","resolution":"/home/janz/Desktop/Arts_E-commerce_site/art-ug/functions/node_modules/firebase-functions/lib/index.js"}} {"metadata":{"emulator":{"name":"functions"},"function":{"name":"us-central1-api"},"message":"[runtime-status] [512138] firebase-functions has been stubbed. {\"functionsResolution\":{\"declared\":true,\"installed\":true,\"version\":\"3.14.1\",\"resolution\":\"/home/janz/Desktop/Arts_E-commerce_site/art-ug/functions/node_modules/firebase-functions/lib/index.js\"}}"}}
[debug] [2021-06-13T09:39:00.583Z] [runtime-status] [512138] Resolved module firebase-functions {"declared":true,"installed":true,"version":"3.14.1","resolution":"/home/janz/Desktop/Arts_E-commerce_site/art-ug/functions/node_modules/firebase-functions/lib/index.js"} {"metadata":{"emulator":{"name":"functions"},"function":{"name":"us-central1-api"},"message":"[runtime-status] [512138] Resolved module firebase-functions {\"declared\":true,\"installed\":true,\"version\":\"3.14.1\",\"resolution\":\"/home/janz/Desktop/Arts_E-commerce_site/art-ug/functions/node_modules/firebase-functions/lib/index.js\"}"}}
[debug] [2021-06-13T09:39:00.584Z] [runtime-status] [512138] Resolved module firebase-admin {"declared":true,"installed":true,"version":"9.9.0","resolution":"/home/janz/Desktop/Arts_E-commerce_site/art-ug/functions/node_modules/firebase-admin/lib/index.js"} {"metadata":{"emulator":{"name":"functions"},"function":{"name":"us-central1-api"},"message":"[runtime-status] [512138] Resolved module firebase-admin {\"declared\":true,\"installed\":true,\"version\":\"9.9.0\",\"resolution\":\"/home/janz/Desktop/Arts_E-commerce_site/art-ug/functions/node_modules/firebase-admin/lib/index.js\"}"}}
[debug] [2021-06-13T09:39:00.585Z] [runtime-status] [512138] Resolved module firebase-functions {"declared":true,"installed":true,"version":"3.14.1","resolution":"/home/janz/Desktop/Arts_E-commerce_site/art-ug/functions/node_modules/firebase-functions/lib/index.js"} {"metadata":{"emulator":{"name":"functions"},"function":{"name":"us-central1-api"},"message":"[runtime-status] [512138] Resolved module firebase-functions {\"declared\":true,\"installed\":true,\"version\":\"3.14.1\",\"resolution\":\"/home/janz/Desktop/Arts_E-commerce_site/art-ug/functions/node_modules/firebase-functions/lib/index.js\"}"}}
[debug] [2021-06-13T09:39:00.585Z] [runtime-status] [512138] firebase-admin has been stubbed. {"adminResolution":{"declared":true,"installed":true,"version":"9.9.0","resolution":"/home/janz/Desktop/Arts_E-commerce_site/art-ug/functions/node_modules/firebase-admin/lib/index.js"}} {"metadata":{"emulator":{"name":"functions"},"function":{"name":"us-central1-api"},"message":"[runtime-status] [512138] firebase-admin has been stubbed. {\"adminResolution\":{\"declared\":true,\"installed\":true,\"version\":\"9.9.0\",\"resolution\":\"/home/janz/Desktop/Arts_E-commerce_site/art-ug/functions/node_modules/firebase-admin/lib/index.js\"}}"}}
[debug] [2021-06-13T09:39:00.725Z] [runtime-status] [512138] Trigger "us-central1-api" has been found, beginning invocation! {"metadata":{"emulator":{"name":"functions"},"function":{"name":"us-central1-api"},"message":"[runtime-status] [512138] Trigger \"us-central1-api\" has been found, beginning invocation!"}}
[info] i  functions: Beginning execution of "us-central1-api" {"metadata":{"emulator":{"name":"functions"},"function":{"name":"us-central1-api"},"message":"Beginning execution of \"us-central1-api\""}}
[debug] [2021-06-13T09:39:00.725Z] [runtime-status] [512138] triggerDefinition {"httpsTrigger":{},"name":"api","entryPoint":"api","regions":["us-central1"],"region":"us-central1","id":"us-central1-api"} {"metadata":{"emulator":{"name":"functions"},"function":{"name":"us-central1-api"},"message":"[runtime-status] [512138] triggerDefinition {\"httpsTrigger\":{},\"name\":\"api\",\"entryPoint\":\"api\",\"regions\":[\"us-central1\"],\"region\":\"us-central1\",\"id\":\"us-central1-api\"}"}}
[debug] [2021-06-13T09:39:00.726Z] [runtime-status] [512138] Running us-central1-api in mode HTTPS {"metadata":{"emulator":{"name":"functions"},"function":{"name":"us-central1-api"},"message":"[runtime-status] [512138] Running us-central1-api in mode HTTPS"}}
[debug] [2021-06-13T09:39:00.730Z] [runtime-status] [512138] Attempting to listen to socketPath: /tmp/fire_emu_512138.sock {"metadata":{"emulator":{"name":"functions"},"function":{"name":"us-central1-api"},"message":"[runtime-status] [512138] Attempting to listen to socketPath: /tmp/fire_emu_512138.sock"}}
[debug] [2021-06-13T09:39:00.735Z] [functions] Runtime ready! Sending request! {"metadata":{"emulator":{"name":"functions"},"message":"[functions] Runtime ready! Sending request!"}}
[debug] [2021-06-13T09:39:00.735Z] [functions] Got req.url=/art-ug/us-central1/api/payments/create?total=2000, mapping to path=/payments/create?total=2000 {"metadata":{"emulator":{"name":"functions"},"message":"[functions] Got req.url=/art-ug/us-central1/api/payments/create?total=2000, mapping to path=/payments/create?total=2000"}}
[debug] [2021-06-13T09:39:00.746Z] [runtime-status] [512138] Ephemeral server handling POST request {"metadata":{"emulator":{"name":"functions"},"function":{"name":"us-central1-api"},"message":"[runtime-status] [512138] Ephemeral server handling POST request"}}
[info] >  Payment Request Recieved BOOM!!! for this amount >>>  2000 {"user":"Payment Request Recieved BOOM!!! for this amount >>>  2000","metadata":{"emulator":{"name":"functions"},"function":{"name":"us-central1-api"},"message":"\u001b[90m> \u001b[39m Payment Request Recieved BOOM!!! for this amount >>>  2000"}}
[debug] [2021-06-13T09:39:00.762Z] [runtime-status] [512138] Ephemeral server survived. {"metadata":{"emulator":{"name":"functions"},"function":{"name":"us-central1-api"},"message":"[runtime-status] [512138] Ephemeral server survived."}}
[info] i  functions: Finished "us-central1-api" in ~2s {"metadata":{"emulator":{"name":"functions"},"function":{"name":"us-central1-api"},"message":"Finished \"us-central1-api\" in ~2s"}}
[debug] [2021-06-13T09:39:02.753Z] [worker-us-central1-api-21101b56-bbbf-4d8a-b225-d267c9aefe40]: IDLE {"metadata":{"emulator":{"name":"functions"},"message":"[worker-us-central1-api-21101b56-bbbf-4d8a-b225-d267c9aefe40]: IDLE"}}
[debug] [2021-06-13T09:39:02.753Z] [work-queue] {"queueLength":0,"workRunningCount":0}
[debug] [2021-06-13T10:39:33.741Z] [work-queue] {"queueLength":1,"workRunningCount":0}
[debug] [2021-06-13T10:39:33.742Z] [work-queue] {"queueLength":0,"workRunningCount":1}
[debug] [2021-06-13T10:39:33.742Z] Accepted request POST /art-ug/us-central1/api/payments/create?total=1000 --> us-central1-api
[debug] [2021-06-13T10:39:33.742Z] [worker-pool] submitWork(triggerId=us-central1-api) {"metadata":{"emulator":{"name":"functions"},"message":"[worker-pool] submitWork(triggerId=us-central1-api)"}}
[debug] [2021-06-13T10:39:33.742Z] [worker-us-central1-api-21101b56-bbbf-4d8a-b225-d267c9aefe40]: Assigning socketPath: /tmp/fire_emu_512138.sock {"metadata":{"emulator":{"name":"functions"},"message":"[worker-us-central1-api-21101b56-bbbf-4d8a-b225-d267c9aefe40]: Assigning socketPath: /tmp/fire_emu_512138.sock"}}
[debug] [2021-06-13T10:39:33.742Z] [worker-us-central1-api-21101b56-bbbf-4d8a-b225-d267c9aefe40]: BUSY {"metadata":{"emulator":{"name":"functions"},"message":"[worker-us-central1-api-21101b56-bbbf-4d8a-b225-d267c9aefe40]: BUSY"}}
[debug] [2021-06-13T10:39:33.743Z] [runtime-status] [512138] Trigger "us-central1-api" has been found, beginning invocation! {"metadata":{"emulator":{"name":"functions"},"function":{"name":"us-central1-api"},"message":"[runtime-status] [512138] Trigger \"us-central1-api\" has been found, beginning invocation!"}}
[info] i  functions: Beginning execution of "us-central1-api" {"metadata":{"emulator":{"name":"functions"},"function":{"name":"us-central1-api"},"message":"Beginning execution of \"us-central1-api\""}}
[debug] [2021-06-13T10:39:33.744Z] [runtime-status] [512138] triggerDefinition {"httpsTrigger":{},"name":"api","entryPoint":"api","regions":["us-central1"],"region":"us-central1","id":"us-central1-api"} {"metadata":{"emulator":{"name":"functions"},"function":{"name":"us-central1-api"},"message":"[runtime-status] [512138] triggerDefinition {\"httpsTrigger\":{},\"name\":\"api\",\"entryPoint\":\"api\",\"regions\":[\"us-central1\"],\"region\":\"us-central1\",\"id\":\"us-central1-api\"}"}}
[debug] [2021-06-13T10:39:33.744Z] [runtime-status] [512138] Running us-central1-api in mode HTTPS {"metadata":{"emulator":{"name":"functions"},"function":{"name":"us-central1-api"},"message":"[runtime-status] [512138] Running us-central1-api in mode HTTPS"}}
[debug] [2021-06-13T10:39:33.749Z] [runtime-status] [512138] Attempting to listen to socketPath: /tmp/fire_emu_512138.sock {"metadata":{"emulator":{"name":"functions"},"function":{"name":"us-central1-api"},"message":"[runtime-status] [512138] Attempting to listen to socketPath: /tmp/fire_emu_512138.sock"}}
[debug] [2021-06-13T10:39:33.752Z] [functions] Runtime ready! Sending request! {"metadata":{"emulator":{"name":"functions"},"message":"[functions] Runtime ready! Sending request!"}}
[debug] [2021-06-13T10:39:33.753Z] [functions] Got req.url=/art-ug/us-central1/api/payments/create?total=1000, mapping to path=/payments/create?total=1000 {"metadata":{"emulator":{"name":"functions"},"message":"[functions] Got req.url=/art-ug/us-central1/api/payments/create?total=1000, mapping to path=/payments/create?total=1000"}}
[debug] [2021-06-13T10:39:33.759Z] [runtime-status] [512138] Ephemeral server handling POST request {"metadata":{"emulator":{"name":"functions"},"function":{"name":"us-central1-api"},"message":"[runtime-status] [512138] Ephemeral server handling POST request"}}
[info] >  Payment Request Recieved BOOM!!! for this amount >>>  1000 {"user":"Payment Request Recieved BOOM!!! for this amount >>>  1000","metadata":{"emulator":{"name":"functions"},"function":{"name":"us-central1-api"},"message":"\u001b[90m> \u001b[39m Payment Request Recieved BOOM!!! for this amount >>>  1000"}}
[debug] [2021-06-13T10:39:33.766Z] [runtime-status] [512138] Ephemeral server survived. {"metadata":{"emulator":{"name":"functions"},"function":{"name":"us-central1-api"},"message":"[runtime-status] [512138] Ephemeral server survived."}}
[info] i  functions: Finished "us-central1-api" in ~1s {"metadata":{"emulator":{"name":"functions"},"function":{"name":"us-central1-api"},"message":"Finished \"us-central1-api\" in ~1s"}}
[debug] [2021-06-13T10:39:35.690Z] [worker-us-central1-api-21101b56-bbbf-4d8a-b225-d267c9aefe40]: IDLE {"metadata":{"emulator":{"name":"functions"},"message":"[worker-us-central1-api-21101b56-bbbf-4d8a-b225-d267c9aefe40]: IDLE"}}
[debug] [2021-06-13T10:39:35.691Z] [work-queue] {"queueLength":0,"workRunningCount":0}
[debug] [2021-06-15T09:43:43.180Z] [work-queue] {"queueLength":1,"workRunningCount":0}
[debug] [2021-06-15T09:43:43.242Z] [work-queue] {"queueLength":0,"workRunningCount":1}
[debug] [2021-06-15T09:43:43.243Z] Accepted request POST /art-ug/us-central1/api/payments/create?total=2000 --> us-central1-api
[debug] [2021-06-15T09:43:43.243Z] [worker-pool] submitWork(triggerId=us-central1-api) {"metadata":{"emulator":{"name":"functions"},"message":"[worker-pool] submitWork(triggerId=us-central1-api)"}}
[debug] [2021-06-15T09:43:43.243Z] [worker-us-central1-api-21101b56-bbbf-4d8a-b225-d267c9aefe40]: Assigning socketPath: /tmp/fire_emu_512138.sock {"metadata":{"emulator":{"name":"functions"},"message":"[worker-us-central1-api-21101b56-bbbf-4d8a-b225-d267c9aefe40]: Assigning socketPath: /tmp/fire_emu_512138.sock"}}
[debug] [2021-06-15T09:43:43.244Z] [worker-us-central1-api-21101b56-bbbf-4d8a-b225-d267c9aefe40]: BUSY {"metadata":{"emulator":{"name":"functions"},"message":"[worker-us-central1-api-21101b56-bbbf-4d8a-b225-d267c9aefe40]: BUSY"}}
[debug] [2021-06-15T09:43:43.318Z] [runtime-status] [512138] Trigger "us-central1-api" has been found, beginning invocation! {"metadata":{"emulator":{"name":"functions"},"function":{"name":"us-central1-api"},"message":"[runtime-status] [512138] Trigger \"us-central1-api\" has been found, beginning invocation!"}}
[info] i  functions: Beginning execution of "us-central1-api" {"metadata":{"emulator":{"name":"functions"},"function":{"name":"us-central1-api"},"message":"Beginning execution of \"us-central1-api\""}}
[debug] [2021-06-15T09:43:43.452Z] [runtime-status] [512138] triggerDefinition {"httpsTrigger":{},"name":"api","entryPoint":"api","regions":["us-central1"],"region":"us-central1","id":"us-central1-api"} {"metadata":{"emulator":{"name":"functions"},"function":{"name":"us-central1-api"},"message":"[runtime-status] [512138] triggerDefinition {\"httpsTrigger\":{},\"name\":\"api\",\"entryPoint\":\"api\",\"regions\":[\"us-central1\"],\"region\":\"us-central1\",\"id\":\"us-central1-api\"}"}}
[debug] [2021-06-15T09:43:43.452Z] [runtime-status] [512138] Running us-central1-api in mode HTTPS {"metadata":{"emulator":{"name":"functions"},"function":{"name":"us-central1-api"},"message":"[runtime-status] [512138] Running us-central1-api in mode HTTPS"}}
[debug] [2021-06-15T09:43:43.454Z] [runtime-status] [512138] Attempting to listen to socketPath: /tmp/fire_emu_512138.sock {"metadata":{"emulator":{"name":"functions"},"function":{"name":"us-central1-api"},"message":"[runtime-status] [512138] Attempting to listen to socketPath: /tmp/fire_emu_512138.sock"}}
[debug] [2021-06-15T09:43:43.578Z] [functions] Runtime ready! Sending request! {"metadata":{"emulator":{"name":"functions"},"message":"[functions] Runtime ready! Sending request!"}}
[debug] [2021-06-15T09:43:43.776Z] [functions] Got req.url=/art-ug/us-central1/api/payments/create?total=2000, mapping to path=/payments/create?total=2000 {"metadata":{"emulator":{"name":"functions"},"message":"[functions] Got req.url=/art-ug/us-central1/api/payments/create?total=2000, mapping to path=/payments/create?total=2000"}}
[debug] [2021-06-15T09:43:43.964Z] [runtime-status] [512138] Ephemeral server handling POST request {"metadata":{"emulator":{"name":"functions"},"function":{"name":"us-central1-api"},"message":"[runtime-status] [512138] Ephemeral server handling POST request"}}
[debug] [2021-06-15T09:43:43.964Z] [runtime-status] [512138] Ephemeral server survived. {"metadata":{"emulator":{"name":"functions"},"function":{"name":"us-central1-api"},"message":"[runtime-status] [512138] Ephemeral server survived."}}
[info] >  Payment Request Recieved BOOM!!! for this amount >>>  2000 {"user":"Payment Request Recieved BOOM!!! for this amount >>>  2000","metadata":{"emulator":{"name":"functions"},"function":{"name":"us-central1-api"},"message":"\u001b[90m> \u001b[39m Payment Request Recieved BOOM!!! for this amount >>>  2000"}}
[info] i  functions: Finished "us-central1-api" in ~2s {"metadata":{"emulator":{"name":"functions"},"function":{"name":"us-central1-api"},"message":"Finished \"us-central1-api\" in ~2s"}}
[debug] [2021-06-15T09:43:46.040Z] [worker-us-central1-api-21101b56-bbbf-4d8a-b225-d267c9aefe40]: IDLE {"metadata":{"emulator":{"name":"functions"},"message":"[worker-us-central1-api-21101b56-bbbf-4d8a-b225-d267c9aefe40]: IDLE"}}
[debug] [2021-06-15T09:43:46.040Z] [work-queue] {"queueLength":0,"workRunningCount":0}
[debug] [2021-06-15T09:43:53.329Z] [work-queue] {"queueLength":1,"workRunningCount":0}
[debug] [2021-06-15T09:43:53.329Z] [work-queue] {"queueLength":0,"workRunningCount":1}
[debug] [2021-06-15T09:43:53.330Z] Accepted request POST /art-ug/us-central1/api/payments/create?total=0 --> us-central1-api
[debug] [2021-06-15T09:43:53.330Z] [worker-pool] submitWork(triggerId=us-central1-api) {"metadata":{"emulator":{"name":"functions"},"message":"[worker-pool] submitWork(triggerId=us-central1-api)"}}
[debug] [2021-06-15T09:43:53.330Z] [worker-us-central1-api-21101b56-bbbf-4d8a-b225-d267c9aefe40]: Assigning socketPath: /tmp/fire_emu_512138.sock {"metadata":{"emulator":{"name":"functions"},"message":"[worker-us-central1-api-21101b56-bbbf-4d8a-b225-d267c9aefe40]: Assigning socketPath: /tmp/fire_emu_512138.sock"}}
[debug] [2021-06-15T09:43:53.330Z] [worker-us-central1-api-21101b56-bbbf-4d8a-b225-d267c9aefe40]: BUSY {"metadata":{"emulator":{"name":"functions"},"message":"[worker-us-central1-api-21101b56-bbbf-4d8a-b225-d267c9aefe40]: BUSY"}}
[debug] [2021-06-15T09:43:53.335Z] [runtime-status] [512138] Trigger "us-central1-api" has been found, beginning invocation! {"metadata":{"emulator":{"name":"functions"},"function":{"name":"us-central1-api"},"message":"[runtime-status] [512138] Trigger \"us-central1-api\" has been found, beginning invocation!"}}
[info] i  functions: Beginning execution of "us-central1-api" {"metadata":{"emulator":{"name":"functions"},"function":{"name":"us-central1-api"},"message":"Beginning execution of \"us-central1-api\""}}
[debug] [2021-06-15T09:43:53.336Z] [runtime-status] [512138] triggerDefinition {"httpsTrigger":{},"name":"api","entryPoint":"api","regions":["us-central1"],"region":"us-central1","id":"us-central1-api"} {"metadata":{"emulator":{"name":"functions"},"function":{"name":"us-central1-api"},"message":"[runtime-status] [512138] triggerDefinition {\"httpsTrigger\":{},\"name\":\"api\",\"entryPoint\":\"api\",\"regions\":[\"us-central1\"],\"region\":\"us-central1\",\"id\":\"us-central1-api\"}"}}
[debug] [2021-06-15T09:43:53.336Z] [runtime-status] [512138] Running us-central1-api in mode HTTPS {"metadata":{"emulator":{"name":"functions"},"function":{"name":"us-central1-api"},"message":"[runtime-status] [512138] Running us-central1-api in mode HTTPS"}}
[debug] [2021-06-15T09:43:53.337Z] [runtime-status] [512138] Attempting to listen to socketPath: /tmp/fire_emu_512138.sock {"metadata":{"emulator":{"name":"functions"},"function":{"name":"us-central1-api"},"message":"[runtime-status] [512138] Attempting to listen to socketPath: /tmp/fire_emu_512138.sock"}}
[debug] [2021-06-15T09:43:53.338Z] [functions] Runtime ready! Sending request! {"metadata":{"emulator":{"name":"functions"},"message":"[functions] Runtime ready! Sending request!"}}
[debug] [2021-06-15T09:43:53.338Z] [functions] Got req.url=/art-ug/us-central1/api/payments/create?total=0, mapping to path=/payments/create?total=0 {"metadata":{"emulator":{"name":"functions"},"message":"[functions] Got req.url=/art-ug/us-central1/api/payments/create?total=0, mapping to path=/payments/create?total=0"}}
[debug] [2021-06-15T09:43:53.350Z] [runtime-status] [512138] Ephemeral server handling POST request {"metadata":{"emulator":{"name":"functions"},"function":{"name":"us-central1-api"},"message":"[runtime-status] [512138] Ephemeral server handling POST request"}}
[debug] [2021-06-15T09:43:53.350Z] [runtime-status] [512138] Ephemeral server survived. {"metadata":{"emulator":{"name":"functions"},"function":{"name":"us-central1-api"},"message":"[runtime-status] [512138] Ephemeral server survived."}}
[info] >  Payment Request Recieved BOOM!!! for this amount >>>  0 {"user":"Payment Request Recieved BOOM!!! for this amount >>>  0","metadata":{"emulator":{"name":"functions"},"function":{"name":"us-central1-api"},"message":"\u001b[90m> \u001b[39m Payment Request Recieved BOOM!!! for this amount >>>  0"}}
[info] >  (node:512138) UnhandledPromiseRejectionWarning: Error: This value must be greater than or equal to 1. {"user":"(node:512138) UnhandledPromiseRejectionWarning: Error: This value must be greater than or equal to 1.","metadata":{"emulator":{"name":"functions"},"function":{"name":"us-central1-api"},"message":"\u001b[90m> \u001b[39m (node:512138) UnhandledPromiseRejectionWarning: Error: This value must be greater than or equal to 1."}}
[info] >      at Function.generate (/home/janz/Desktop/Arts_E-commerce_site/art-ug/functions/node_modules/stripe/lib/Error.js:40:16) {"user":"    at Function.generate (/home/janz/Desktop/Arts_E-commerce_site/art-ug/functions/node_modules/stripe/lib/Error.js:40:16)","metadata":{"emulator":{"name":"functions"},"function":{"name":"us-central1-api"},"message":"\u001b[90m> \u001b[39m     at Function.generate (/home/janz/Desktop/Arts_E-commerce_site/art-ug/functions/node_modules/stripe/lib/Error.js:40:16)"}}
[info] >      at IncomingMessage.res.once (/home/janz/Desktop/Arts_E-commerce_site/art-ug/functions/node_modules/stripe/lib/StripeResource.js:180:33) {"user":"    at IncomingMessage.res.once (/home/janz/Desktop/Arts_E-commerce_site/art-ug/functions/node_modules/stripe/lib/StripeResource.js:180:33)","metadata":{"emulator":{"name":"functions"},"function":{"name":"us-central1-api"},"message":"\u001b[90m> \u001b[39m     at IncomingMessage.res.once (/home/janz/Desktop/Arts_E-commerce_site/art-ug/functions/node_modules/stripe/lib/StripeResource.js:180:33)"}}
[info] >      at Object.onceWrapper (events.js:286:20) {"user":"    at Object.onceWrapper (events.js:286:20)","metadata":{"emulator":{"name":"functions"},"function":{"name":"us-central1-api"},"message":"\u001b[90m> \u001b[39m     at Object.onceWrapper (events.js:286:20)"}}
[info] >      at IncomingMessage.emit (events.js:203:15) {"user":"    at IncomingMessage.emit (events.js:203:15)","metadata":{"emulator":{"name":"functions"},"function":{"name":"us-central1-api"},"message":"\u001b[90m> \u001b[39m     at IncomingMessage.emit (events.js:203:15)"}}
[info] >      at endReadableNT (_stream_readable.js:1145:12) {"user":"    at endReadableNT (_stream_readable.js:1145:12)","metadata":{"emulator":{"name":"functions"},"function":{"name":"us-central1-api"},"message":"\u001b[90m> \u001b[39m     at endReadableNT (_stream_readable.js:1145:12)"}}
[info] >      at process._tickCallback (internal/process/next_tick.js:63:19) {"user":"    at process._tickCallback (internal/process/next_tick.js:63:19)","metadata":{"emulator":{"name":"functions"},"function":{"name":"us-central1-api"},"message":"\u001b[90m> \u001b[39m     at process._tickCallback (internal/process/next_tick.js:63:19)"}}
[info] >  (node:512138) UnhandledPromiseRejectionWarning: Unhandled promise rejection. This error originated either by throwing inside of an async function without a catch block, or by rejecting a promise which was not handled with .catch(). (rejection id: 1) {"user":"(node:512138) UnhandledPromiseRejectionWarning: Unhandled promise rejection. This error originated either by throwing inside of an async function without a catch block, or by rejecting a promise which was not handled with .catch(). (rejection id: 1)","metadata":{"emulator":{"name":"functions"},"function":{"name":"us-central1-api"},"message":"\u001b[90m> \u001b[39m (node:512138) UnhandledPromiseRejectionWarning: Unhandled promise rejection. This error originated either by throwing inside of an async function without a catch block, or by rejecting a promise which was not handled with .catch(). (rejection id: 1)"}}
[info] >  (node:512138) [DEP0018] DeprecationWarning: Unhandled promise rejections are deprecated. In the future, promise rejections that are not handled will terminate the Node.js process with a non-zero exit code. {"user":"(node:512138) [DEP0018] DeprecationWarning: Unhandled promise rejections are deprecated. In the future, promise rejections that are not handled will terminate the Node.js process with a non-zero exit code.","metadata":{"emulator":{"name":"functions"},"function":{"name":"us-central1-api"},"message":"\u001b[90m> \u001b[39m (node:512138) [DEP0018] DeprecationWarning: Unhandled promise rejections are deprecated. In the future, promise rejections that are not handled will terminate the Node.js process with a non-zero exit code."}}
[warn] ⚠  functions: Your function timed out after ~60s. To configure this timeout, see
      https://firebase.google.com/docs/functions/manage-functions#set_timeout_and_memory_allocation. {"metadata":{"emulator":{"name":"functions"},"function":{"name":"us-central1-api"},"message":"Your function timed out after ~60s. To configure this timeout, see\n      https://firebase.google.com/docs/functions/manage-functions#set_timeout_and_memory_allocation."}}
[info] >  /usr/local/lib/node_modules/firebase-tools/lib/emulator/functionsEmulatorRuntime.js:648 {"user":"/usr/local/lib/node_modules/firebase-tools/lib/emulator/functionsEmulatorRuntime.js:648","metadata":{"emulator":{"name":"functions"},"function":{"name":"us-central1-api"},"message":"\u001b[90m> \u001b[39m /usr/local/lib/node_modules/firebase-tools/lib/emulator/functionsEmulatorRuntime.js:648"}}
[info] >              throw new Error("Function timed out."); {"user":"            throw new Error(\"Function timed out.\");","metadata":{"emulator":{"name":"functions"},"function":{"name":"us-central1-api"},"message":"\u001b[90m> \u001b[39m             throw new Error(\"Function timed out.\");"}}
[info] >              ^ {"user":"            ^","metadata":{"emulator":{"name":"functions"},"function":{"name":"us-central1-api"},"message":"\u001b[90m> \u001b[39m             ^"}}
[info] >   {"user":"","metadata":{"emulator":{"name":"functions"},"function":{"name":"us-central1-api"},"message":"\u001b[90m> \u001b[39m "}}
[info] >  Error: Function timed out. {"user":"Error: Function timed out.","metadata":{"emulator":{"name":"functions"},"function":{"name":"us-central1-api"},"message":"\u001b[90m> \u001b[39m Error: Function timed out."}}
[info] >      at Timeout.setTimeout [as _onTimeout] (/usr/local/lib/node_modules/firebase-tools/lib/emulator/functionsEmulatorRuntime.js:648:19) {"user":"    at Timeout.setTimeout [as _onTimeout] (/usr/local/lib/node_modules/firebase-tools/lib/emulator/functionsEmulatorRuntime.js:648:19)","metadata":{"emulator":{"name":"functions"},"function":{"name":"us-central1-api"},"message":"\u001b[90m> \u001b[39m     at Timeout.setTimeout [as _onTimeout] (/usr/local/lib/node_modules/firebase-tools/lib/emulator/functionsEmulatorRuntime.js:648:19)"}}
[info] >      at ontimeout (timers.js:436:11) {"user":"    at ontimeout (timers.js:436:11)","metadata":{"emulator":{"name":"functions"},"function":{"name":"us-central1-api"},"message":"\u001b[90m> \u001b[39m     at ontimeout (timers.js:436:11)"}}
[info] >      at tryOnTimeout (timers.js:300:5) {"user":"    at tryOnTimeout (timers.js:300:5)","metadata":{"emulator":{"name":"functions"},"function":{"name":"us-central1-api"},"message":"\u001b[90m> \u001b[39m     at tryOnTimeout (timers.js:300:5)"}}
[info] >      at listOnTimeout (timers.js:263:5) {"user":"    at listOnTimeout (timers.js:263:5)","metadata":{"emulator":{"name":"functions"},"function":{"name":"us-central1-api"},"message":"\u001b[90m> \u001b[39m     at listOnTimeout (timers.js:263:5)"}}
[info] >      at Timer.processTimers (timers.js:223:10) {"user":"    at Timer.processTimers (timers.js:223:10)","metadata":{"emulator":{"name":"functions"},"function":{"name":"us-central1-api"},"message":"\u001b[90m> \u001b[39m     at Timer.processTimers (timers.js:223:10)"}}
[debug] [2021-06-15T09:44:53.585Z] [worker-us-central1-api-21101b56-bbbf-4d8a-b225-d267c9aefe40]: exited {"metadata":{"emulator":{"name":"functions"},"message":"[worker-us-central1-api-21101b56-bbbf-4d8a-b225-d267c9aefe40]: exited"}}
[debug] [2021-06-15T09:44:53.585Z] [worker-us-central1-api-21101b56-bbbf-4d8a-b225-d267c9aefe40]: FINISHED {"metadata":{"emulator":{"name":"functions"},"message":"[worker-us-central1-api-21101b56-bbbf-4d8a-b225-d267c9aefe40]: FINISHED"}}
[debug] [2021-06-15T09:44:53.585Z] [work-queue] {"queueLength":0,"workRunningCount":0}
